<?xml version="1.0" encoding="UTF-8"?>
<coverage generated="1637068534082" clover="3.2.0">
  <project timestamp="1637068534083" name="All files">
    <metrics statements="4" coveredstatements="4" conditionals="2" coveredconditionals="2" methods="3" coveredmethods="3" elements="9" coveredelements="9" complexity="0" loc="4" ncloc="4" packages="1" files="2" classes="2"/>
    <file name="compact.js" path="C:\Bedu\Sesion4\test\src\compact.js">
      <metrics statements="3" coveredstatements="3" conditionals="2" coveredconditionals="2" methods="2" coveredmethods="2"/>
      <line num="1" count="1" type="stmt"/>
      <line num="2" count="2" type="cond" truecount="2" falsecount="0"/>
      <line num="4" count="6" type="stmt"/>
    </file>
    <file name="sum.js" path="C:\Bedu\Sesion4\test\src\sum.js">
      <metrics statements="1" coveredstatements="1" conditionals="0" coveredconditionals="0" methods="1" coveredmethods="1"/>
      <line num="1" count="1" type="stmt"/>
    </file>
  </project>
</coverage>
